{"/Users/brandongraham/Documents/codingWork/AtlasAI/app/templates/js/home_func.js": {"path":"/Users/brandongraham/Documents/codingWork/AtlasAI/app/templates/js/home_func.js","statementMap":{"0":{"start":{"line":3,"column":24},"end":{"line":3,"column":25}},"1":{"start":{"line":4,"column":0},"end":{"line":6,"column":2}},"2":{"start":{"line":7,"column":20},"end":{"line":7,"column":24}},"3":{"start":{"line":8,"column":18},"end":{"line":8,"column":20}},"4":{"start":{"line":11,"column":28},"end":{"line":11,"column":76}},"5":{"start":{"line":12,"column":28},"end":{"line":12,"column":35}},"6":{"start":{"line":14,"column":29},"end":{"line":14,"column":76}},"7":{"start":{"line":15,"column":22},"end":{"line":15,"column":72}},"8":{"start":{"line":16,"column":22},"end":{"line":16,"column":64}},"9":{"start":{"line":17,"column":25},"end":{"line":17,"column":57}},"10":{"start":{"line":18,"column":17},"end":{"line":18,"column":55}},"11":{"start":{"line":19,"column":20},"end":{"line":19,"column":56}},"12":{"start":{"line":20,"column":30},"end":{"line":20,"column":78}},"13":{"start":{"line":21,"column":30},"end":{"line":21,"column":77}},"14":{"start":{"line":22,"column":16},"end":{"line":25,"column":1}},"15":{"start":{"line":29,"column":26},"end":{"line":29,"column":65}},"16":{"start":{"line":30,"column":2},"end":{"line":34,"column":3}},"17":{"start":{"line":31,"column":27},"end":{"line":31,"column":54}},"18":{"start":{"line":32,"column":4},"end":{"line":32,"column":55}},"19":{"start":{"line":33,"column":4},"end":{"line":33,"column":48}},"20":{"start":{"line":39,"column":22},"end":{"line":39,"column":58}},"21":{"start":{"line":40,"column":19},"end":{"line":40,"column":57}},"22":{"start":{"line":42,"column":2},"end":{"line":46,"column":3}},"23":{"start":{"line":43,"column":4},"end":{"line":43,"column":25}},"24":{"start":{"line":44,"column":4},"end":{"line":44,"column":39}},"25":{"start":{"line":45,"column":4},"end":{"line":45,"column":36}},"26":{"start":{"line":50,"column":22},"end":{"line":50,"column":58}},"27":{"start":{"line":51,"column":19},"end":{"line":51,"column":57}},"28":{"start":{"line":53,"column":2},"end":{"line":58,"column":3}},"29":{"start":{"line":54,"column":4},"end":{"line":54,"column":39}},"30":{"start":{"line":55,"column":4},"end":{"line":55,"column":36}},"31":{"start":{"line":57,"column":4},"end":{"line":57,"column":60}},"32":{"start":{"line":62,"column":22},"end":{"line":62,"column":58}},"33":{"start":{"line":63,"column":19},"end":{"line":63,"column":57}},"34":{"start":{"line":65,"column":2},"end":{"line":68,"column":3}},"35":{"start":{"line":66,"column":4},"end":{"line":66,"column":40}},"36":{"start":{"line":67,"column":4},"end":{"line":67,"column":36}},"37":{"start":{"line":123,"column":2},"end":{"line":123,"column":32}},"38":{"start":{"line":125,"column":26},"end":{"line":125,"column":33}},"39":{"start":{"line":126,"column":2},"end":{"line":126,"column":92}},"40":{"start":{"line":128,"column":2},"end":{"line":141,"column":22}},"41":{"start":{"line":133,"column":4},"end":{"line":135,"column":5}},"42":{"start":{"line":134,"column":6},"end":{"line":134,"column":50}},"43":{"start":{"line":136,"column":4},"end":{"line":136,"column":27}},"44":{"start":{"line":139,"column":4},"end":{"line":139,"column":43}},"45":{"start":{"line":180,"column":2},"end":{"line":180,"column":87}},"46":{"start":{"line":181,"column":2},"end":{"line":206,"column":3}},"47":{"start":{"line":182,"column":4},"end":{"line":203,"column":5}},"48":{"start":{"line":183,"column":6},"end":{"line":183,"column":65}},"49":{"start":{"line":184,"column":23},"end":{"line":187,"column":8}},"50":{"start":{"line":188,"column":6},"end":{"line":190,"column":7}},"51":{"start":{"line":189,"column":8},"end":{"line":189,"column":57}},"52":{"start":{"line":191,"column":19},"end":{"line":191,"column":40}},"53":{"start":{"line":192,"column":6},"end":{"line":192,"column":51}},"54":{"start":{"line":193,"column":6},"end":{"line":193,"column":83}},"55":{"start":{"line":195,"column":30},"end":{"line":195,"column":69}},"56":{"start":{"line":196,"column":6},"end":{"line":199,"column":7}},"57":{"start":{"line":197,"column":8},"end":{"line":197,"column":39}},"58":{"start":{"line":198,"column":8},"end":{"line":198,"column":62}},"59":{"start":{"line":201,"column":6},"end":{"line":201,"column":57}},"60":{"start":{"line":202,"column":6},"end":{"line":202,"column":25}},"61":{"start":{"line":205,"column":4},"end":{"line":205,"column":84}},"62":{"start":{"line":212,"column":0},"end":{"line":219,"column":1}},"63":{"start":{"line":213,"column":2},"end":{"line":218,"column":5}},"64":{"start":{"line":214,"column":4},"end":{"line":214,"column":27}},"65":{"start":{"line":217,"column":4},"end":{"line":217,"column":94}},"66":{"start":{"line":222,"column":0},"end":{"line":272,"column":1}},"67":{"start":{"line":223,"column":2},"end":{"line":271,"column":5}},"68":{"start":{"line":224,"column":4},"end":{"line":224,"column":27}},"69":{"start":{"line":225,"column":4},"end":{"line":225,"column":20}},"70":{"start":{"line":226,"column":4},"end":{"line":226,"column":20}},"71":{"start":{"line":229,"column":4},"end":{"line":229,"column":36}},"72":{"start":{"line":231,"column":22},"end":{"line":231,"column":44}},"73":{"start":{"line":232,"column":4},"end":{"line":232,"column":32}},"74":{"start":{"line":235,"column":4},"end":{"line":235,"column":37}},"75":{"start":{"line":238,"column":28},"end":{"line":238,"column":67}},"76":{"start":{"line":239,"column":4},"end":{"line":270,"column":5}},"77":{"start":{"line":241,"column":21},"end":{"line":241,"column":50}},"78":{"start":{"line":242,"column":6},"end":{"line":242,"column":34}},"79":{"start":{"line":243,"column":6},"end":{"line":243,"column":42}},"80":{"start":{"line":246,"column":6},"end":{"line":269,"column":9}},"81":{"start":{"line":252,"column":8},"end":{"line":254,"column":9}},"82":{"start":{"line":253,"column":10},"end":{"line":253,"column":57}},"83":{"start":{"line":255,"column":8},"end":{"line":255,"column":31}},"84":{"start":{"line":259,"column":8},"end":{"line":259,"column":44}},"85":{"start":{"line":262,"column":8},"end":{"line":262,"column":47}},"86":{"start":{"line":263,"column":8},"end":{"line":263,"column":43}},"87":{"start":{"line":267,"column":8},"end":{"line":267,"column":44}},"88":{"start":{"line":268,"column":8},"end":{"line":268,"column":27}},"89":{"start":{"line":276,"column":16},"end":{"line":276,"column":38}},"90":{"start":{"line":277,"column":16},"end":{"line":277,"column":41}},"91":{"start":{"line":278,"column":2},"end":{"line":278,"column":64}},"92":{"start":{"line":278,"column":26},"end":{"line":278,"column":64}},"93":{"start":{"line":283,"column":2},"end":{"line":302,"column":3}},"94":{"start":{"line":284,"column":21},"end":{"line":287,"column":6}},"95":{"start":{"line":288,"column":4},"end":{"line":290,"column":5}},"96":{"start":{"line":289,"column":6},"end":{"line":289,"column":55}},"97":{"start":{"line":291,"column":17},"end":{"line":291,"column":38}},"98":{"start":{"line":292,"column":4},"end":{"line":292,"column":36}},"99":{"start":{"line":293,"column":4},"end":{"line":293,"column":68}},"100":{"start":{"line":295,"column":28},"end":{"line":295,"column":67}},"101":{"start":{"line":296,"column":4},"end":{"line":299,"column":5}},"102":{"start":{"line":297,"column":6},"end":{"line":297,"column":37}},"103":{"start":{"line":298,"column":6},"end":{"line":298,"column":60}},"104":{"start":{"line":301,"column":4},"end":{"line":301,"column":23}},"105":{"start":{"line":306,"column":0},"end":{"line":308,"column":1}},"106":{"start":{"line":307,"column":2},"end":{"line":307,"column":73}},"107":{"start":{"line":312,"column":2},"end":{"line":312,"column":41}},"108":{"start":{"line":313,"column":26},"end":{"line":313,"column":65}},"109":{"start":{"line":314,"column":2},"end":{"line":316,"column":3}},"110":{"start":{"line":315,"column":4},"end":{"line":315,"column":35}},"111":{"start":{"line":317,"column":2},"end":{"line":328,"column":3}},"112":{"start":{"line":318,"column":21},"end":{"line":318,"column":109}},"113":{"start":{"line":319,"column":4},"end":{"line":321,"column":5}},"114":{"start":{"line":320,"column":6},"end":{"line":320,"column":62}},"115":{"start":{"line":322,"column":21},"end":{"line":322,"column":42}},"116":{"start":{"line":323,"column":4},"end":{"line":325,"column":7}},"117":{"start":{"line":324,"column":6},"end":{"line":324,"column":86}},"118":{"start":{"line":327,"column":4},"end":{"line":327,"column":23}},"119":{"start":{"line":332,"column":2},"end":{"line":352,"column":3}},"120":{"start":{"line":333,"column":21},"end":{"line":333,"column":83}},"121":{"start":{"line":334,"column":4},"end":{"line":336,"column":5}},"122":{"start":{"line":335,"column":6},"end":{"line":335,"column":61}},"123":{"start":{"line":337,"column":26},"end":{"line":337,"column":47}},"124":{"start":{"line":338,"column":4},"end":{"line":338,"column":41}},"125":{"start":{"line":339,"column":12},"end":{"line":339,"column":13}},"126":{"start":{"line":340,"column":4},"end":{"line":349,"column":7}},"127":{"start":{"line":341,"column":23},"end":{"line":341,"column":51}},"128":{"start":{"line":342,"column":6},"end":{"line":342,"column":49}},"129":{"start":{"line":343,"column":6},"end":{"line":343,"column":56}},"130":{"start":{"line":344,"column":6},"end":{"line":346,"column":9}},"131":{"start":{"line":345,"column":8},"end":{"line":345,"column":42}},"132":{"start":{"line":347,"column":6},"end":{"line":347,"column":50}},"133":{"start":{"line":348,"column":6},"end":{"line":348,"column":10}},"134":{"start":{"line":351,"column":4},"end":{"line":351,"column":23}},"135":{"start":{"line":357,"column":2},"end":{"line":370,"column":3}},"136":{"start":{"line":358,"column":21},"end":{"line":361,"column":6}},"137":{"start":{"line":362,"column":4},"end":{"line":364,"column":5}},"138":{"start":{"line":363,"column":6},"end":{"line":363,"column":49}},"139":{"start":{"line":365,"column":17},"end":{"line":365,"column":38}},"140":{"start":{"line":366,"column":4},"end":{"line":366,"column":84}},"141":{"start":{"line":367,"column":4},"end":{"line":367,"column":35}},"142":{"start":{"line":369,"column":4},"end":{"line":369,"column":23}},"143":{"start":{"line":374,"column":0},"end":{"line":374,"column":45}},"144":{"start":{"line":376,"column":0},"end":{"line":376,"column":26}},"145":{"start":{"line":378,"column":0},"end":{"line":386,"column":1}}},"fnMap":{"0":{"name":"displayMessage","decl":{"start":{"line":28,"column":9},"end":{"line":28,"column":23}},"loc":{"start":{"line":28,"column":39},"end":{"line":35,"column":1}},"line":28},"1":{"name":"handleError","decl":{"start":{"line":38,"column":9},"end":{"line":38,"column":20}},"loc":{"start":{"line":38,"column":28},"end":{"line":47,"column":1}},"line":38},"2":{"name":"handleSuccess","decl":{"start":{"line":49,"column":9},"end":{"line":49,"column":22}},"loc":{"start":{"line":49,"column":25},"end":{"line":59,"column":1}},"line":49},"3":{"name":"handleLoading","decl":{"start":{"line":61,"column":9},"end":{"line":61,"column":22}},"loc":{"start":{"line":61,"column":25},"end":{"line":69,"column":1}},"line":61},"4":{"name":"selectPersona","decl":{"start":{"line":122,"column":9},"end":{"line":122,"column":22}},"loc":{"start":{"line":122,"column":34},"end":{"line":142,"column":1}},"line":122},"5":{"name":"(anonymous_5)","decl":{"start":{"line":132,"column":8},"end":{"line":132,"column":9}},"loc":{"start":{"line":132,"column":20},"end":{"line":137,"column":3}},"line":132},"6":{"name":"(anonymous_6)","decl":{"start":{"line":138,"column":8},"end":{"line":138,"column":9}},"loc":{"start":{"line":138,"column":16},"end":{"line":140,"column":3}},"line":138},"7":{"name":"getOrCreateConversation","decl":{"start":{"line":179,"column":15},"end":{"line":179,"column":38}},"loc":{"start":{"line":179,"column":41},"end":{"line":207,"column":1}},"line":179},"8":{"name":"(anonymous_8)","decl":{"start":{"line":213,"column":42},"end":{"line":213,"column":43}},"loc":{"start":{"line":213,"column":53},"end":{"line":218,"column":3}},"line":213},"9":{"name":"(anonymous_9)","decl":{"start":{"line":223,"column":43},"end":{"line":223,"column":44}},"loc":{"start":{"line":223,"column":60},"end":{"line":271,"column":3}},"line":223},"10":{"name":"(anonymous_10)","decl":{"start":{"line":251,"column":12},"end":{"line":251,"column":13}},"loc":{"start":{"line":251,"column":24},"end":{"line":256,"column":7}},"line":251},"11":{"name":"(anonymous_11)","decl":{"start":{"line":257,"column":12},"end":{"line":257,"column":13}},"loc":{"start":{"line":257,"column":20},"end":{"line":264,"column":7}},"line":257},"12":{"name":"(anonymous_12)","decl":{"start":{"line":265,"column":13},"end":{"line":265,"column":14}},"loc":{"start":{"line":265,"column":22},"end":{"line":269,"column":7}},"line":265},"13":{"name":"getCookie","decl":{"start":{"line":275,"column":9},"end":{"line":275,"column":18}},"loc":{"start":{"line":275,"column":25},"end":{"line":279,"column":1}},"line":275},"14":{"name":"createNewConversation","decl":{"start":{"line":282,"column":15},"end":{"line":282,"column":36}},"loc":{"start":{"line":282,"column":39},"end":{"line":303,"column":1}},"line":282},"15":{"name":"loadConversation","decl":{"start":{"line":311,"column":15},"end":{"line":311,"column":31}},"loc":{"start":{"line":311,"column":48},"end":{"line":329,"column":1}},"line":311},"16":{"name":"(anonymous_16)","decl":{"start":{"line":323,"column":21},"end":{"line":323,"column":22}},"loc":{"start":{"line":323,"column":32},"end":{"line":325,"column":5}},"line":323},"17":{"name":"loadConversationHistory","decl":{"start":{"line":331,"column":15},"end":{"line":331,"column":38}},"loc":{"start":{"line":331,"column":41},"end":{"line":353,"column":1}},"line":331},"18":{"name":"(anonymous_18)","decl":{"start":{"line":340,"column":26},"end":{"line":340,"column":27}},"loc":{"start":{"line":340,"column":42},"end":{"line":349,"column":5}},"line":340},"19":{"name":"(anonymous_19)","decl":{"start":{"line":344,"column":41},"end":{"line":344,"column":42}},"loc":{"start":{"line":344,"column":47},"end":{"line":346,"column":7}},"line":344},"20":{"name":"refreshJwtToken","decl":{"start":{"line":356,"column":15},"end":{"line":356,"column":30}},"loc":{"start":{"line":356,"column":33},"end":{"line":371,"column":1}},"line":356}},"branchMap":{"0":{"loc":{"start":{"line":30,"column":2},"end":{"line":34,"column":3}},"type":"if","locations":[{"start":{"line":30,"column":2},"end":{"line":34,"column":3}},{"start":{},"end":{}}],"line":30},"1":{"loc":{"start":{"line":42,"column":2},"end":{"line":46,"column":3}},"type":"if","locations":[{"start":{"line":42,"column":2},"end":{"line":46,"column":3}},{"start":{},"end":{}}],"line":42},"2":{"loc":{"start":{"line":42,"column":6},"end":{"line":42,"column":29}},"type":"binary-expr","locations":[{"start":{"line":42,"column":6},"end":{"line":42,"column":17}},{"start":{"line":42,"column":21},"end":{"line":42,"column":29}}],"line":42},"3":{"loc":{"start":{"line":53,"column":2},"end":{"line":58,"column":3}},"type":"if","locations":[{"start":{"line":53,"column":2},"end":{"line":58,"column":3}},{"start":{"line":56,"column":9},"end":{"line":58,"column":3}}],"line":53},"4":{"loc":{"start":{"line":53,"column":6},"end":{"line":53,"column":29}},"type":"binary-expr","locations":[{"start":{"line":53,"column":6},"end":{"line":53,"column":17}},{"start":{"line":53,"column":21},"end":{"line":53,"column":29}}],"line":53},"5":{"loc":{"start":{"line":65,"column":2},"end":{"line":68,"column":3}},"type":"if","locations":[{"start":{"line":65,"column":2},"end":{"line":68,"column":3}},{"start":{},"end":{}}],"line":65},"6":{"loc":{"start":{"line":65,"column":6},"end":{"line":65,"column":29}},"type":"binary-expr","locations":[{"start":{"line":65,"column":6},"end":{"line":65,"column":17}},{"start":{"line":65,"column":21},"end":{"line":65,"column":29}}],"line":65},"7":{"loc":{"start":{"line":126,"column":36},"end":{"line":126,"column":91}},"type":"cond-expr","locations":[{"start":{"line":126,"column":54},"end":{"line":126,"column":81}},{"start":{"line":126,"column":84},"end":{"line":126,"column":91}}],"line":126},"8":{"loc":{"start":{"line":133,"column":4},"end":{"line":135,"column":5}},"type":"if","locations":[{"start":{"line":133,"column":4},"end":{"line":135,"column":5}},{"start":{},"end":{}}],"line":133},"9":{"loc":{"start":{"line":181,"column":2},"end":{"line":206,"column":3}},"type":"if","locations":[{"start":{"line":181,"column":2},"end":{"line":206,"column":3}},{"start":{"line":204,"column":9},"end":{"line":206,"column":3}}],"line":181},"10":{"loc":{"start":{"line":188,"column":6},"end":{"line":190,"column":7}},"type":"if","locations":[{"start":{"line":188,"column":6},"end":{"line":190,"column":7}},{"start":{},"end":{}}],"line":188},"11":{"loc":{"start":{"line":196,"column":6},"end":{"line":199,"column":7}},"type":"if","locations":[{"start":{"line":196,"column":6},"end":{"line":199,"column":7}},{"start":{},"end":{}}],"line":196},"12":{"loc":{"start":{"line":212,"column":0},"end":{"line":219,"column":1}},"type":"if","locations":[{"start":{"line":212,"column":0},"end":{"line":219,"column":1}},{"start":{},"end":{}}],"line":212},"13":{"loc":{"start":{"line":222,"column":0},"end":{"line":272,"column":1}},"type":"if","locations":[{"start":{"line":222,"column":0},"end":{"line":272,"column":1}},{"start":{},"end":{}}],"line":222},"14":{"loc":{"start":{"line":239,"column":4},"end":{"line":270,"column":5}},"type":"if","locations":[{"start":{"line":239,"column":4},"end":{"line":270,"column":5}},{"start":{},"end":{}}],"line":239},"15":{"loc":{"start":{"line":252,"column":8},"end":{"line":254,"column":9}},"type":"if","locations":[{"start":{"line":252,"column":8},"end":{"line":254,"column":9}},{"start":{},"end":{}}],"line":252},"16":{"loc":{"start":{"line":278,"column":2},"end":{"line":278,"column":64}},"type":"if","locations":[{"start":{"line":278,"column":2},"end":{"line":278,"column":64}},{"start":{},"end":{}}],"line":278},"17":{"loc":{"start":{"line":288,"column":4},"end":{"line":290,"column":5}},"type":"if","locations":[{"start":{"line":288,"column":4},"end":{"line":290,"column":5}},{"start":{},"end":{}}],"line":288},"18":{"loc":{"start":{"line":296,"column":4},"end":{"line":299,"column":5}},"type":"if","locations":[{"start":{"line":296,"column":4},"end":{"line":299,"column":5}},{"start":{},"end":{}}],"line":296},"19":{"loc":{"start":{"line":306,"column":0},"end":{"line":308,"column":1}},"type":"if","locations":[{"start":{"line":306,"column":0},"end":{"line":308,"column":1}},{"start":{},"end":{}}],"line":306},"20":{"loc":{"start":{"line":314,"column":2},"end":{"line":316,"column":3}},"type":"if","locations":[{"start":{"line":314,"column":2},"end":{"line":316,"column":3}},{"start":{},"end":{}}],"line":314},"21":{"loc":{"start":{"line":319,"column":4},"end":{"line":321,"column":5}},"type":"if","locations":[{"start":{"line":319,"column":4},"end":{"line":321,"column":5}},{"start":{},"end":{}}],"line":319},"22":{"loc":{"start":{"line":324,"column":21},"end":{"line":324,"column":67}},"type":"cond-expr","locations":[{"start":{"line":324,"column":47},"end":{"line":324,"column":52}},{"start":{"line":324,"column":55},"end":{"line":324,"column":67}}],"line":324},"23":{"loc":{"start":{"line":334,"column":4},"end":{"line":336,"column":5}},"type":"if","locations":[{"start":{"line":334,"column":4},"end":{"line":336,"column":5}},{"start":{},"end":{}}],"line":334},"24":{"loc":{"start":{"line":362,"column":4},"end":{"line":364,"column":5}},"type":"if","locations":[{"start":{"line":362,"column":4},"end":{"line":364,"column":5}},{"start":{},"end":{}}],"line":362}},"s":{"0":1,"1":1,"2":1,"3":1,"4":1,"5":1,"6":1,"7":1,"8":1,"9":1,"10":1,"11":1,"12":1,"13":1,"14":1,"15":2,"16":2,"17":2,"18":2,"19":2,"20":3,"21":3,"22":3,"23":1,"24":1,"25":1,"26":1,"27":1,"28":1,"29":1,"30":1,"31":0,"32":1,"33":1,"34":1,"35":1,"36":1,"37":0,"38":0,"39":0,"40":0,"41":0,"42":0,"43":0,"44":0,"45":2,"46":2,"47":2,"48":2,"49":2,"50":1,"51":0,"52":1,"53":1,"54":1,"55":1,"56":1,"57":1,"58":1,"59":1,"60":1,"61":0,"62":1,"63":0,"64":0,"65":0,"66":1,"67":0,"68":0,"69":0,"70":0,"71":0,"72":0,"73":0,"74":0,"75":0,"76":0,"77":0,"78":0,"79":0,"80":0,"81":0,"82":0,"83":0,"84":0,"85":0,"86":0,"87":0,"88":0,"89":3,"90":3,"91":3,"92":1,"93":0,"94":0,"95":0,"96":0,"97":0,"98":0,"99":0,"100":0,"101":0,"102":0,"103":0,"104":0,"105":1,"106":0,"107":0,"108":0,"109":0,"110":0,"111":0,"112":0,"113":0,"114":0,"115":0,"116":0,"117":0,"118":0,"119":1,"120":1,"121":0,"122":0,"123":0,"124":0,"125":0,"126":0,"127":0,"128":0,"129":0,"130":0,"131":0,"132":0,"133":0,"134":1,"135":0,"136":0,"137":0,"138":0,"139":0,"140":0,"141":0,"142":0,"143":1,"144":1,"145":1},"f":{"0":2,"1":3,"2":1,"3":1,"4":0,"5":0,"6":0,"7":2,"8":0,"9":0,"10":0,"11":0,"12":0,"13":3,"14":0,"15":0,"16":0,"17":1,"18":0,"19":0,"20":0},"b":{"0":[2,0],"1":[1,2],"2":[3,1],"3":[1,0],"4":[1,1],"5":[1,0],"6":[1,1],"7":[0,0],"8":[0,0],"9":[2,0],"10":[0,1],"11":[1,0],"12":[0,1],"13":[0,1],"14":[0,0],"15":[0,0],"16":[1,2],"17":[0,0],"18":[0,0],"19":[0,1],"20":[0,0],"21":[0,0],"22":[0,0],"23":[0,0],"24":[0,0]},"_coverageSchema":"1a1c01bbd47fc00a2c39e90264f33305004495a9","hash":"8a0fd001b6a9fb18ee0ae3ef8e0285d4f1c9ea92"}
}
