{"/Users/brandongraham/Documents/codingWork/AtlasAI/app/templates/js/home_func.js": {"path":"/Users/brandongraham/Documents/codingWork/AtlasAI/app/templates/js/home_func.js","statementMap":{"0":{"start":{"line":4,"column":0},"end":{"line":6,"column":2}},"1":{"start":{"line":8,"column":24},"end":{"line":8,"column":25}},"2":{"start":{"line":9,"column":20},"end":{"line":9,"column":24}},"3":{"start":{"line":10,"column":18},"end":{"line":10,"column":20}},"4":{"start":{"line":13,"column":28},"end":{"line":13,"column":76}},"5":{"start":{"line":14,"column":28},"end":{"line":14,"column":35}},"6":{"start":{"line":16,"column":29},"end":{"line":16,"column":76}},"7":{"start":{"line":17,"column":22},"end":{"line":17,"column":72}},"8":{"start":{"line":18,"column":22},"end":{"line":18,"column":64}},"9":{"start":{"line":19,"column":25},"end":{"line":19,"column":57}},"10":{"start":{"line":20,"column":17},"end":{"line":20,"column":55}},"11":{"start":{"line":21,"column":20},"end":{"line":21,"column":56}},"12":{"start":{"line":22,"column":30},"end":{"line":22,"column":78}},"13":{"start":{"line":23,"column":30},"end":{"line":23,"column":77}},"14":{"start":{"line":24,"column":16},"end":{"line":27,"column":1}},"15":{"start":{"line":31,"column":26},"end":{"line":31,"column":65}},"16":{"start":{"line":32,"column":2},"end":{"line":36,"column":3}},"17":{"start":{"line":33,"column":27},"end":{"line":33,"column":54}},"18":{"start":{"line":34,"column":4},"end":{"line":34,"column":55}},"19":{"start":{"line":35,"column":4},"end":{"line":35,"column":48}},"20":{"start":{"line":41,"column":22},"end":{"line":41,"column":58}},"21":{"start":{"line":42,"column":19},"end":{"line":42,"column":57}},"22":{"start":{"line":44,"column":2},"end":{"line":48,"column":3}},"23":{"start":{"line":45,"column":4},"end":{"line":45,"column":25}},"24":{"start":{"line":46,"column":4},"end":{"line":46,"column":39}},"25":{"start":{"line":47,"column":4},"end":{"line":47,"column":36}},"26":{"start":{"line":53,"column":22},"end":{"line":53,"column":58}},"27":{"start":{"line":54,"column":19},"end":{"line":54,"column":57}},"28":{"start":{"line":56,"column":2},"end":{"line":61,"column":3}},"29":{"start":{"line":57,"column":4},"end":{"line":57,"column":39}},"30":{"start":{"line":58,"column":4},"end":{"line":58,"column":36}},"31":{"start":{"line":60,"column":4},"end":{"line":60,"column":60}},"32":{"start":{"line":66,"column":22},"end":{"line":66,"column":58}},"33":{"start":{"line":67,"column":19},"end":{"line":67,"column":57}},"34":{"start":{"line":69,"column":2},"end":{"line":72,"column":3}},"35":{"start":{"line":70,"column":4},"end":{"line":70,"column":40}},"36":{"start":{"line":71,"column":4},"end":{"line":71,"column":36}},"37":{"start":{"line":127,"column":2},"end":{"line":127,"column":32}},"38":{"start":{"line":128,"column":26},"end":{"line":128,"column":33}},"39":{"start":{"line":129,"column":2},"end":{"line":129,"column":92}},"40":{"start":{"line":132,"column":2},"end":{"line":145,"column":22}},"41":{"start":{"line":137,"column":4},"end":{"line":139,"column":5}},"42":{"start":{"line":138,"column":6},"end":{"line":138,"column":50}},"43":{"start":{"line":140,"column":4},"end":{"line":140,"column":27}},"44":{"start":{"line":143,"column":4},"end":{"line":143,"column":43}},"45":{"start":{"line":150,"column":2},"end":{"line":170,"column":3}},"46":{"start":{"line":151,"column":4},"end":{"line":169,"column":5}},"47":{"start":{"line":152,"column":23},"end":{"line":155,"column":8}},"48":{"start":{"line":156,"column":6},"end":{"line":158,"column":7}},"49":{"start":{"line":157,"column":8},"end":{"line":157,"column":57}},"50":{"start":{"line":159,"column":19},"end":{"line":159,"column":40}},"51":{"start":{"line":160,"column":6},"end":{"line":160,"column":51}},"52":{"start":{"line":162,"column":30},"end":{"line":162,"column":69}},"53":{"start":{"line":163,"column":6},"end":{"line":166,"column":7}},"54":{"start":{"line":164,"column":8},"end":{"line":164,"column":39}},"55":{"start":{"line":165,"column":8},"end":{"line":165,"column":62}},"56":{"start":{"line":168,"column":6},"end":{"line":168,"column":25}},"57":{"start":{"line":208,"column":0},"end":{"line":215,"column":1}},"58":{"start":{"line":209,"column":2},"end":{"line":214,"column":5}},"59":{"start":{"line":210,"column":4},"end":{"line":210,"column":27}},"60":{"start":{"line":213,"column":4},"end":{"line":213,"column":94}},"61":{"start":{"line":218,"column":0},"end":{"line":268,"column":1}},"62":{"start":{"line":219,"column":2},"end":{"line":267,"column":5}},"63":{"start":{"line":220,"column":4},"end":{"line":220,"column":27}},"64":{"start":{"line":221,"column":4},"end":{"line":221,"column":20}},"65":{"start":{"line":222,"column":4},"end":{"line":222,"column":20}},"66":{"start":{"line":225,"column":4},"end":{"line":225,"column":36}},"67":{"start":{"line":227,"column":22},"end":{"line":227,"column":44}},"68":{"start":{"line":228,"column":4},"end":{"line":228,"column":32}},"69":{"start":{"line":231,"column":4},"end":{"line":231,"column":37}},"70":{"start":{"line":234,"column":28},"end":{"line":234,"column":67}},"71":{"start":{"line":235,"column":4},"end":{"line":266,"column":5}},"72":{"start":{"line":237,"column":21},"end":{"line":237,"column":50}},"73":{"start":{"line":238,"column":6},"end":{"line":238,"column":34}},"74":{"start":{"line":239,"column":6},"end":{"line":239,"column":42}},"75":{"start":{"line":242,"column":6},"end":{"line":265,"column":9}},"76":{"start":{"line":248,"column":8},"end":{"line":250,"column":9}},"77":{"start":{"line":249,"column":10},"end":{"line":249,"column":57}},"78":{"start":{"line":251,"column":8},"end":{"line":251,"column":31}},"79":{"start":{"line":255,"column":8},"end":{"line":255,"column":44}},"80":{"start":{"line":258,"column":8},"end":{"line":258,"column":47}},"81":{"start":{"line":259,"column":8},"end":{"line":259,"column":43}},"82":{"start":{"line":263,"column":8},"end":{"line":263,"column":44}},"83":{"start":{"line":264,"column":8},"end":{"line":264,"column":27}},"84":{"start":{"line":272,"column":16},"end":{"line":272,"column":38}},"85":{"start":{"line":273,"column":16},"end":{"line":273,"column":41}},"86":{"start":{"line":274,"column":2},"end":{"line":274,"column":64}},"87":{"start":{"line":274,"column":26},"end":{"line":274,"column":64}},"88":{"start":{"line":279,"column":2},"end":{"line":297,"column":3}},"89":{"start":{"line":280,"column":21},"end":{"line":283,"column":6}},"90":{"start":{"line":284,"column":4},"end":{"line":286,"column":5}},"91":{"start":{"line":285,"column":6},"end":{"line":285,"column":55}},"92":{"start":{"line":287,"column":17},"end":{"line":287,"column":38}},"93":{"start":{"line":288,"column":4},"end":{"line":288,"column":49}},"94":{"start":{"line":290,"column":28},"end":{"line":290,"column":67}},"95":{"start":{"line":291,"column":4},"end":{"line":294,"column":5}},"96":{"start":{"line":292,"column":6},"end":{"line":292,"column":37}},"97":{"start":{"line":293,"column":6},"end":{"line":293,"column":60}},"98":{"start":{"line":296,"column":4},"end":{"line":296,"column":23}},"99":{"start":{"line":301,"column":0},"end":{"line":303,"column":1}},"100":{"start":{"line":302,"column":2},"end":{"line":302,"column":73}},"101":{"start":{"line":307,"column":2},"end":{"line":307,"column":54}},"102":{"start":{"line":308,"column":26},"end":{"line":308,"column":65}},"103":{"start":{"line":309,"column":2},"end":{"line":311,"column":3}},"104":{"start":{"line":310,"column":4},"end":{"line":310,"column":35}},"105":{"start":{"line":312,"column":2},"end":{"line":323,"column":3}},"106":{"start":{"line":313,"column":21},"end":{"line":313,"column":109}},"107":{"start":{"line":314,"column":4},"end":{"line":316,"column":5}},"108":{"start":{"line":315,"column":6},"end":{"line":315,"column":62}},"109":{"start":{"line":317,"column":21},"end":{"line":317,"column":42}},"110":{"start":{"line":318,"column":4},"end":{"line":320,"column":7}},"111":{"start":{"line":319,"column":6},"end":{"line":319,"column":86}},"112":{"start":{"line":322,"column":4},"end":{"line":322,"column":23}},"113":{"start":{"line":328,"column":2},"end":{"line":357,"column":3}},"114":{"start":{"line":329,"column":21},"end":{"line":329,"column":83}},"115":{"start":{"line":330,"column":4},"end":{"line":332,"column":5}},"116":{"start":{"line":331,"column":6},"end":{"line":331,"column":61}},"117":{"start":{"line":334,"column":26},"end":{"line":334,"column":47}},"118":{"start":{"line":335,"column":4},"end":{"line":335,"column":57}},"119":{"start":{"line":337,"column":4},"end":{"line":337,"column":82}},"120":{"start":{"line":338,"column":4},"end":{"line":338,"column":41}},"121":{"start":{"line":339,"column":4},"end":{"line":339,"column":81}},"122":{"start":{"line":341,"column":12},"end":{"line":341,"column":13}},"123":{"start":{"line":342,"column":4},"end":{"line":352,"column":7}},"124":{"start":{"line":343,"column":23},"end":{"line":343,"column":51}},"125":{"start":{"line":344,"column":6},"end":{"line":344,"column":49}},"126":{"start":{"line":345,"column":6},"end":{"line":345,"column":56}},"127":{"start":{"line":346,"column":6},"end":{"line":348,"column":9}},"128":{"start":{"line":347,"column":8},"end":{"line":347,"column":42}},"129":{"start":{"line":349,"column":6},"end":{"line":349,"column":50}},"130":{"start":{"line":350,"column":6},"end":{"line":350,"column":51}},"131":{"start":{"line":351,"column":6},"end":{"line":351,"column":10}},"132":{"start":{"line":354,"column":4},"end":{"line":354,"column":81}},"133":{"start":{"line":356,"column":4},"end":{"line":356,"column":23}},"134":{"start":{"line":364,"column":2},"end":{"line":376,"column":3}},"135":{"start":{"line":365,"column":21},"end":{"line":368,"column":6}},"136":{"start":{"line":369,"column":4},"end":{"line":371,"column":5}},"137":{"start":{"line":370,"column":6},"end":{"line":370,"column":49}},"138":{"start":{"line":372,"column":17},"end":{"line":372,"column":38}},"139":{"start":{"line":373,"column":4},"end":{"line":373,"column":84}},"140":{"start":{"line":375,"column":4},"end":{"line":375,"column":23}},"141":{"start":{"line":380,"column":0},"end":{"line":380,"column":45}},"142":{"start":{"line":383,"column":0},"end":{"line":383,"column":26}},"143":{"start":{"line":385,"column":0},"end":{"line":395,"column":2}}},"fnMap":{"0":{"name":"displayMessage","decl":{"start":{"line":30,"column":9},"end":{"line":30,"column":23}},"loc":{"start":{"line":30,"column":39},"end":{"line":37,"column":1}},"line":30},"1":{"name":"handleError","decl":{"start":{"line":40,"column":9},"end":{"line":40,"column":20}},"loc":{"start":{"line":40,"column":28},"end":{"line":49,"column":1}},"line":40},"2":{"name":"handleSuccess","decl":{"start":{"line":52,"column":9},"end":{"line":52,"column":22}},"loc":{"start":{"line":52,"column":25},"end":{"line":62,"column":1}},"line":52},"3":{"name":"handleLoading","decl":{"start":{"line":65,"column":9},"end":{"line":65,"column":22}},"loc":{"start":{"line":65,"column":25},"end":{"line":73,"column":1}},"line":65},"4":{"name":"selectPersona","decl":{"start":{"line":126,"column":9},"end":{"line":126,"column":22}},"loc":{"start":{"line":126,"column":34},"end":{"line":146,"column":1}},"line":126},"5":{"name":"(anonymous_5)","decl":{"start":{"line":136,"column":8},"end":{"line":136,"column":9}},"loc":{"start":{"line":136,"column":20},"end":{"line":141,"column":3}},"line":136},"6":{"name":"(anonymous_6)","decl":{"start":{"line":142,"column":8},"end":{"line":142,"column":9}},"loc":{"start":{"line":142,"column":16},"end":{"line":144,"column":3}},"line":142},"7":{"name":"getOrCreateConversation","decl":{"start":{"line":149,"column":15},"end":{"line":149,"column":38}},"loc":{"start":{"line":149,"column":41},"end":{"line":171,"column":1}},"line":149},"8":{"name":"(anonymous_8)","decl":{"start":{"line":209,"column":42},"end":{"line":209,"column":43}},"loc":{"start":{"line":209,"column":53},"end":{"line":214,"column":3}},"line":209},"9":{"name":"(anonymous_9)","decl":{"start":{"line":219,"column":43},"end":{"line":219,"column":44}},"loc":{"start":{"line":219,"column":60},"end":{"line":267,"column":3}},"line":219},"10":{"name":"(anonymous_10)","decl":{"start":{"line":247,"column":12},"end":{"line":247,"column":13}},"loc":{"start":{"line":247,"column":24},"end":{"line":252,"column":7}},"line":247},"11":{"name":"(anonymous_11)","decl":{"start":{"line":253,"column":12},"end":{"line":253,"column":13}},"loc":{"start":{"line":253,"column":20},"end":{"line":260,"column":7}},"line":253},"12":{"name":"(anonymous_12)","decl":{"start":{"line":261,"column":13},"end":{"line":261,"column":14}},"loc":{"start":{"line":261,"column":22},"end":{"line":265,"column":7}},"line":261},"13":{"name":"getCookie","decl":{"start":{"line":271,"column":9},"end":{"line":271,"column":18}},"loc":{"start":{"line":271,"column":25},"end":{"line":275,"column":1}},"line":271},"14":{"name":"createNewConversation","decl":{"start":{"line":278,"column":15},"end":{"line":278,"column":36}},"loc":{"start":{"line":278,"column":39},"end":{"line":298,"column":1}},"line":278},"15":{"name":"loadConversation","decl":{"start":{"line":306,"column":15},"end":{"line":306,"column":31}},"loc":{"start":{"line":306,"column":48},"end":{"line":324,"column":1}},"line":306},"16":{"name":"(anonymous_16)","decl":{"start":{"line":318,"column":21},"end":{"line":318,"column":22}},"loc":{"start":{"line":318,"column":32},"end":{"line":320,"column":5}},"line":318},"17":{"name":"loadConversationHistory","decl":{"start":{"line":327,"column":15},"end":{"line":327,"column":38}},"loc":{"start":{"line":327,"column":41},"end":{"line":358,"column":1}},"line":327},"18":{"name":"(anonymous_18)","decl":{"start":{"line":342,"column":26},"end":{"line":342,"column":27}},"loc":{"start":{"line":342,"column":42},"end":{"line":352,"column":5}},"line":342},"19":{"name":"(anonymous_19)","decl":{"start":{"line":346,"column":41},"end":{"line":346,"column":42}},"loc":{"start":{"line":346,"column":47},"end":{"line":348,"column":7}},"line":346},"20":{"name":"refreshJwtToken","decl":{"start":{"line":363,"column":15},"end":{"line":363,"column":30}},"loc":{"start":{"line":363,"column":33},"end":{"line":377,"column":1}},"line":363}},"branchMap":{"0":{"loc":{"start":{"line":32,"column":2},"end":{"line":36,"column":3}},"type":"if","locations":[{"start":{"line":32,"column":2},"end":{"line":36,"column":3}},{"start":{},"end":{}}],"line":32},"1":{"loc":{"start":{"line":44,"column":2},"end":{"line":48,"column":3}},"type":"if","locations":[{"start":{"line":44,"column":2},"end":{"line":48,"column":3}},{"start":{},"end":{}}],"line":44},"2":{"loc":{"start":{"line":44,"column":6},"end":{"line":44,"column":29}},"type":"binary-expr","locations":[{"start":{"line":44,"column":6},"end":{"line":44,"column":17}},{"start":{"line":44,"column":21},"end":{"line":44,"column":29}}],"line":44},"3":{"loc":{"start":{"line":56,"column":2},"end":{"line":61,"column":3}},"type":"if","locations":[{"start":{"line":56,"column":2},"end":{"line":61,"column":3}},{"start":{"line":59,"column":9},"end":{"line":61,"column":3}}],"line":56},"4":{"loc":{"start":{"line":56,"column":6},"end":{"line":56,"column":29}},"type":"binary-expr","locations":[{"start":{"line":56,"column":6},"end":{"line":56,"column":17}},{"start":{"line":56,"column":21},"end":{"line":56,"column":29}}],"line":56},"5":{"loc":{"start":{"line":69,"column":2},"end":{"line":72,"column":3}},"type":"if","locations":[{"start":{"line":69,"column":2},"end":{"line":72,"column":3}},{"start":{},"end":{}}],"line":69},"6":{"loc":{"start":{"line":69,"column":6},"end":{"line":69,"column":29}},"type":"binary-expr","locations":[{"start":{"line":69,"column":6},"end":{"line":69,"column":17}},{"start":{"line":69,"column":21},"end":{"line":69,"column":29}}],"line":69},"7":{"loc":{"start":{"line":129,"column":36},"end":{"line":129,"column":91}},"type":"cond-expr","locations":[{"start":{"line":129,"column":54},"end":{"line":129,"column":81}},{"start":{"line":129,"column":84},"end":{"line":129,"column":91}}],"line":129},"8":{"loc":{"start":{"line":137,"column":4},"end":{"line":139,"column":5}},"type":"if","locations":[{"start":{"line":137,"column":4},"end":{"line":139,"column":5}},{"start":{},"end":{}}],"line":137},"9":{"loc":{"start":{"line":150,"column":2},"end":{"line":170,"column":3}},"type":"if","locations":[{"start":{"line":150,"column":2},"end":{"line":170,"column":3}},{"start":{},"end":{}}],"line":150},"10":{"loc":{"start":{"line":156,"column":6},"end":{"line":158,"column":7}},"type":"if","locations":[{"start":{"line":156,"column":6},"end":{"line":158,"column":7}},{"start":{},"end":{}}],"line":156},"11":{"loc":{"start":{"line":163,"column":6},"end":{"line":166,"column":7}},"type":"if","locations":[{"start":{"line":163,"column":6},"end":{"line":166,"column":7}},{"start":{},"end":{}}],"line":163},"12":{"loc":{"start":{"line":208,"column":0},"end":{"line":215,"column":1}},"type":"if","locations":[{"start":{"line":208,"column":0},"end":{"line":215,"column":1}},{"start":{},"end":{}}],"line":208},"13":{"loc":{"start":{"line":218,"column":0},"end":{"line":268,"column":1}},"type":"if","locations":[{"start":{"line":218,"column":0},"end":{"line":268,"column":1}},{"start":{},"end":{}}],"line":218},"14":{"loc":{"start":{"line":235,"column":4},"end":{"line":266,"column":5}},"type":"if","locations":[{"start":{"line":235,"column":4},"end":{"line":266,"column":5}},{"start":{},"end":{}}],"line":235},"15":{"loc":{"start":{"line":248,"column":8},"end":{"line":250,"column":9}},"type":"if","locations":[{"start":{"line":248,"column":8},"end":{"line":250,"column":9}},{"start":{},"end":{}}],"line":248},"16":{"loc":{"start":{"line":274,"column":2},"end":{"line":274,"column":64}},"type":"if","locations":[{"start":{"line":274,"column":2},"end":{"line":274,"column":64}},{"start":{},"end":{}}],"line":274},"17":{"loc":{"start":{"line":284,"column":4},"end":{"line":286,"column":5}},"type":"if","locations":[{"start":{"line":284,"column":4},"end":{"line":286,"column":5}},{"start":{},"end":{}}],"line":284},"18":{"loc":{"start":{"line":291,"column":4},"end":{"line":294,"column":5}},"type":"if","locations":[{"start":{"line":291,"column":4},"end":{"line":294,"column":5}},{"start":{},"end":{}}],"line":291},"19":{"loc":{"start":{"line":301,"column":0},"end":{"line":303,"column":1}},"type":"if","locations":[{"start":{"line":301,"column":0},"end":{"line":303,"column":1}},{"start":{},"end":{}}],"line":301},"20":{"loc":{"start":{"line":309,"column":2},"end":{"line":311,"column":3}},"type":"if","locations":[{"start":{"line":309,"column":2},"end":{"line":311,"column":3}},{"start":{},"end":{}}],"line":309},"21":{"loc":{"start":{"line":314,"column":4},"end":{"line":316,"column":5}},"type":"if","locations":[{"start":{"line":314,"column":4},"end":{"line":316,"column":5}},{"start":{},"end":{}}],"line":314},"22":{"loc":{"start":{"line":319,"column":21},"end":{"line":319,"column":67}},"type":"cond-expr","locations":[{"start":{"line":319,"column":47},"end":{"line":319,"column":52}},{"start":{"line":319,"column":55},"end":{"line":319,"column":67}}],"line":319},"23":{"loc":{"start":{"line":330,"column":4},"end":{"line":332,"column":5}},"type":"if","locations":[{"start":{"line":330,"column":4},"end":{"line":332,"column":5}},{"start":{},"end":{}}],"line":330},"24":{"loc":{"start":{"line":369,"column":4},"end":{"line":371,"column":5}},"type":"if","locations":[{"start":{"line":369,"column":4},"end":{"line":371,"column":5}},{"start":{},"end":{}}],"line":369}},"s":{"0":1,"1":1,"2":1,"3":1,"4":1,"5":1,"6":1,"7":1,"8":1,"9":1,"10":1,"11":1,"12":1,"13":1,"14":1,"15":2,"16":2,"17":2,"18":2,"19":2,"20":4,"21":4,"22":4,"23":1,"24":1,"25":1,"26":1,"27":1,"28":1,"29":1,"30":1,"31":0,"32":1,"33":1,"34":1,"35":1,"36":1,"37":0,"38":0,"39":0,"40":0,"41":0,"42":0,"43":0,"44":0,"45":2,"46":2,"47":2,"48":1,"49":0,"50":1,"51":1,"52":1,"53":1,"54":1,"55":1,"56":1,"57":1,"58":0,"59":0,"60":0,"61":1,"62":0,"63":0,"64":0,"65":0,"66":0,"67":0,"68":0,"69":0,"70":0,"71":0,"72":0,"73":0,"74":0,"75":0,"76":0,"77":0,"78":0,"79":0,"80":0,"81":0,"82":0,"83":0,"84":3,"85":3,"86":3,"87":1,"88":0,"89":0,"90":0,"91":0,"92":0,"93":0,"94":0,"95":0,"96":0,"97":0,"98":0,"99":1,"100":0,"101":0,"102":0,"103":0,"104":0,"105":0,"106":0,"107":0,"108":0,"109":0,"110":0,"111":0,"112":0,"113":2,"114":2,"115":1,"116":0,"117":1,"118":1,"119":1,"120":1,"121":0,"122":0,"123":0,"124":0,"125":0,"126":0,"127":0,"128":0,"129":0,"130":0,"131":0,"132":0,"133":2,"134":0,"135":0,"136":0,"137":0,"138":0,"139":0,"140":0,"141":1,"142":1,"143":1},"f":{"0":2,"1":4,"2":1,"3":1,"4":0,"5":0,"6":0,"7":2,"8":0,"9":0,"10":0,"11":0,"12":0,"13":3,"14":0,"15":0,"16":0,"17":2,"18":0,"19":0,"20":0},"b":{"0":[2,0],"1":[1,3],"2":[4,1],"3":[1,0],"4":[1,1],"5":[1,0],"6":[1,1],"7":[0,0],"8":[0,0],"9":[2,0],"10":[0,1],"11":[1,0],"12":[0,1],"13":[0,1],"14":[0,0],"15":[0,0],"16":[1,2],"17":[0,0],"18":[0,0],"19":[0,1],"20":[0,0],"21":[0,0],"22":[0,0],"23":[0,1],"24":[0,0]},"_coverageSchema":"1a1c01bbd47fc00a2c39e90264f33305004495a9","hash":"d71f4a0c94c1ed877cd37cb3eb4cba36d61309a8"}
}
