TN:
SF:app/templates/js/home_func.js
FN:30,displayMessage
FN:40,handleError
FN:52,handleSuccess
FN:65,handleLoading
FN:126,selectPersona
FN:136,(anonymous_5)
FN:142,(anonymous_6)
FN:149,getOrCreateConversation
FN:209,(anonymous_8)
FN:219,(anonymous_9)
FN:247,(anonymous_10)
FN:253,(anonymous_11)
FN:261,(anonymous_12)
FN:271,getCookie
FN:278,createNewConversation
FN:306,loadConversation
FN:318,(anonymous_16)
FN:327,loadConversationHistory
FN:336,(anonymous_18)
FN:340,(anonymous_19)
FN:352,refreshJwtToken
FNF:21
FNH:7
FNDA:2,displayMessage
FNDA:3,handleError
FNDA:1,handleSuccess
FNDA:1,handleLoading
FNDA:0,selectPersona
FNDA:0,(anonymous_5)
FNDA:0,(anonymous_6)
FNDA:2,getOrCreateConversation
FNDA:0,(anonymous_8)
FNDA:0,(anonymous_9)
FNDA:0,(anonymous_10)
FNDA:0,(anonymous_11)
FNDA:0,(anonymous_12)
FNDA:3,getCookie
FNDA:0,createNewConversation
FNDA:0,loadConversation
FNDA:0,(anonymous_16)
FNDA:1,loadConversationHistory
FNDA:0,(anonymous_18)
FNDA:0,(anonymous_19)
FNDA:0,refreshJwtToken
DA:4,1
DA:8,1
DA:9,1
DA:10,1
DA:13,1
DA:14,1
DA:16,1
DA:17,1
DA:18,1
DA:19,1
DA:20,1
DA:21,1
DA:22,1
DA:23,1
DA:24,1
DA:31,2
DA:32,2
DA:33,2
DA:34,2
DA:35,2
DA:41,3
DA:42,3
DA:44,3
DA:45,1
DA:46,1
DA:47,1
DA:53,1
DA:54,1
DA:56,1
DA:57,1
DA:58,1
DA:60,0
DA:66,1
DA:67,1
DA:69,1
DA:70,1
DA:71,1
DA:127,0
DA:128,0
DA:129,0
DA:132,0
DA:137,0
DA:138,0
DA:140,0
DA:143,0
DA:150,2
DA:151,2
DA:152,2
DA:156,1
DA:157,0
DA:159,1
DA:160,1
DA:162,1
DA:163,1
DA:164,1
DA:165,1
DA:168,1
DA:208,1
DA:209,0
DA:210,0
DA:213,0
DA:218,1
DA:219,0
DA:220,0
DA:221,0
DA:222,0
DA:225,0
DA:227,0
DA:228,0
DA:231,0
DA:234,0
DA:235,0
DA:237,0
DA:238,0
DA:239,0
DA:242,0
DA:248,0
DA:249,0
DA:251,0
DA:255,0
DA:258,0
DA:259,0
DA:263,0
DA:264,0
DA:272,3
DA:273,3
DA:274,3
DA:279,0
DA:280,0
DA:284,0
DA:285,0
DA:287,0
DA:288,0
DA:290,0
DA:291,0
DA:292,0
DA:293,0
DA:296,0
DA:301,1
DA:302,0
DA:307,0
DA:308,0
DA:309,0
DA:310,0
DA:312,0
DA:313,0
DA:314,0
DA:315,0
DA:317,0
DA:318,0
DA:319,0
DA:322,0
DA:328,1
DA:329,1
DA:330,0
DA:331,0
DA:333,0
DA:334,0
DA:335,0
DA:336,0
DA:337,0
DA:338,0
DA:339,0
DA:340,0
DA:341,0
DA:343,0
DA:344,0
DA:347,1
DA:353,0
DA:354,0
DA:358,0
DA:359,0
DA:361,0
DA:362,0
DA:364,0
DA:369,1
DA:372,1
DA:374,1
LF:138
LH:59
BRDA:32,0,0,2
BRDA:32,0,1,0
BRDA:44,1,0,1
BRDA:44,1,1,2
BRDA:44,2,0,3
BRDA:44,2,1,1
BRDA:56,3,0,1
BRDA:56,3,1,0
BRDA:56,4,0,1
BRDA:56,4,1,1
BRDA:69,5,0,1
BRDA:69,5,1,0
BRDA:69,6,0,1
BRDA:69,6,1,1
BRDA:129,7,0,0
BRDA:129,7,1,0
BRDA:137,8,0,0
BRDA:137,8,1,0
BRDA:150,9,0,2
BRDA:150,9,1,0
BRDA:156,10,0,0
BRDA:156,10,1,1
BRDA:163,11,0,1
BRDA:163,11,1,0
BRDA:208,12,0,0
BRDA:208,12,1,1
BRDA:218,13,0,0
BRDA:218,13,1,1
BRDA:235,14,0,0
BRDA:235,14,1,0
BRDA:248,15,0,0
BRDA:248,15,1,0
BRDA:274,16,0,1
BRDA:274,16,1,2
BRDA:284,17,0,0
BRDA:284,17,1,0
BRDA:291,18,0,0
BRDA:291,18,1,0
BRDA:301,19,0,0
BRDA:301,19,1,1
BRDA:309,20,0,0
BRDA:309,20,1,0
BRDA:314,21,0,0
BRDA:314,21,1,0
BRDA:319,22,0,0
BRDA:319,22,1,0
BRDA:330,23,0,0
BRDA:330,23,1,0
BRDA:358,24,0,0
BRDA:358,24,1,0
BRF:50
BRH:19
end_of_record
