TN:
SF:app/templates/js/home_func.js
FN:28,displayMessage
FN:38,handleError
FN:49,handleSuccess
FN:61,handleLoading
FN:122,selectPersona
FN:132,(anonymous_5)
FN:138,(anonymous_6)
FN:179,getOrCreateConversation
FN:213,(anonymous_8)
FN:223,(anonymous_9)
FN:251,(anonymous_10)
FN:257,(anonymous_11)
FN:265,(anonymous_12)
FN:275,getCookie
FN:282,createNewConversation
FN:311,loadConversation
FN:323,(anonymous_16)
FN:331,loadConversationHistory
FN:340,(anonymous_18)
FN:344,(anonymous_19)
FN:356,refreshJwtToken
FNF:21
FNH:7
FNDA:2,displayMessage
FNDA:3,handleError
FNDA:1,handleSuccess
FNDA:1,handleLoading
FNDA:0,selectPersona
FNDA:0,(anonymous_5)
FNDA:0,(anonymous_6)
FNDA:2,getOrCreateConversation
FNDA:0,(anonymous_8)
FNDA:0,(anonymous_9)
FNDA:0,(anonymous_10)
FNDA:0,(anonymous_11)
FNDA:0,(anonymous_12)
FNDA:3,getCookie
FNDA:0,createNewConversation
FNDA:0,loadConversation
FNDA:0,(anonymous_16)
FNDA:1,loadConversationHistory
FNDA:0,(anonymous_18)
FNDA:0,(anonymous_19)
FNDA:0,refreshJwtToken
DA:3,1
DA:4,1
DA:7,1
DA:8,1
DA:11,1
DA:12,1
DA:14,1
DA:15,1
DA:16,1
DA:17,1
DA:18,1
DA:19,1
DA:20,1
DA:21,1
DA:22,1
DA:29,2
DA:30,2
DA:31,2
DA:32,2
DA:33,2
DA:39,3
DA:40,3
DA:42,3
DA:43,1
DA:44,1
DA:45,1
DA:50,1
DA:51,1
DA:53,1
DA:54,1
DA:55,1
DA:57,0
DA:62,1
DA:63,1
DA:65,1
DA:66,1
DA:67,1
DA:123,0
DA:125,0
DA:126,0
DA:128,0
DA:133,0
DA:134,0
DA:136,0
DA:139,0
DA:180,2
DA:181,2
DA:182,2
DA:183,2
DA:184,2
DA:188,1
DA:189,0
DA:191,1
DA:192,1
DA:193,1
DA:195,1
DA:196,1
DA:197,1
DA:198,1
DA:201,1
DA:202,1
DA:205,0
DA:212,1
DA:213,0
DA:214,0
DA:217,0
DA:222,1
DA:223,0
DA:224,0
DA:225,0
DA:226,0
DA:229,0
DA:231,0
DA:232,0
DA:235,0
DA:238,0
DA:239,0
DA:241,0
DA:242,0
DA:243,0
DA:246,0
DA:252,0
DA:253,0
DA:255,0
DA:259,0
DA:262,0
DA:263,0
DA:267,0
DA:268,0
DA:276,3
DA:277,3
DA:278,3
DA:283,0
DA:284,0
DA:288,0
DA:289,0
DA:291,0
DA:292,0
DA:293,0
DA:295,0
DA:296,0
DA:297,0
DA:298,0
DA:301,0
DA:306,1
DA:307,0
DA:312,0
DA:313,0
DA:314,0
DA:315,0
DA:317,0
DA:318,0
DA:319,0
DA:320,0
DA:322,0
DA:323,0
DA:324,0
DA:327,0
DA:332,1
DA:333,1
DA:334,0
DA:335,0
DA:337,0
DA:338,0
DA:339,0
DA:340,0
DA:341,0
DA:342,0
DA:343,0
DA:344,0
DA:345,0
DA:347,0
DA:348,0
DA:351,1
DA:357,0
DA:358,0
DA:362,0
DA:363,0
DA:365,0
DA:366,0
DA:367,0
DA:369,0
DA:374,1
DA:376,1
DA:378,1
LF:145
LH:63
BRDA:30,0,0,2
BRDA:30,0,1,0
BRDA:42,1,0,1
BRDA:42,1,1,2
BRDA:42,2,0,3
BRDA:42,2,1,1
BRDA:53,3,0,1
BRDA:53,3,1,0
BRDA:53,4,0,1
BRDA:53,4,1,1
BRDA:65,5,0,1
BRDA:65,5,1,0
BRDA:65,6,0,1
BRDA:65,6,1,1
BRDA:126,7,0,0
BRDA:126,7,1,0
BRDA:133,8,0,0
BRDA:133,8,1,0
BRDA:181,9,0,2
BRDA:181,9,1,0
BRDA:188,10,0,0
BRDA:188,10,1,1
BRDA:196,11,0,1
BRDA:196,11,1,0
BRDA:212,12,0,0
BRDA:212,12,1,1
BRDA:222,13,0,0
BRDA:222,13,1,1
BRDA:239,14,0,0
BRDA:239,14,1,0
BRDA:252,15,0,0
BRDA:252,15,1,0
BRDA:278,16,0,1
BRDA:278,16,1,2
BRDA:288,17,0,0
BRDA:288,17,1,0
BRDA:296,18,0,0
BRDA:296,18,1,0
BRDA:306,19,0,0
BRDA:306,19,1,1
BRDA:314,20,0,0
BRDA:314,20,1,0
BRDA:319,21,0,0
BRDA:319,21,1,0
BRDA:324,22,0,0
BRDA:324,22,1,0
BRDA:334,23,0,0
BRDA:334,23,1,0
BRDA:362,24,0,0
BRDA:362,24,1,0
BRF:50
BRH:19
end_of_record
